<?xml version="1.0" encoding="UTF-8"?>
<!-- Generated by org.testng.reporters.JUnitXMLReporter -->
<testsuite ignored="0" hostname="LAPTOP-820TK6BR" failures="1" tests="2" name="Test" time="20.394" errors="0" timestamp="2022-08-31T21:24:40 IST">
  <testcase classname="testCases.verifyLoginTestCase" name="logIn" time="0.837">
    <failure type="java.lang.AssertionError" message="The following asserts failed:
	expected [Please check your username. If you still can&amp;apos;t log in, contact your Salesforce administrator.] but found [Please check your username and password. If you still can&amp;apos;t log in, contact your Salesforce administrator.]">
      <![CDATA[java.lang.AssertionError: The following asserts failed:
expected [Please check your username. If you still can't log in, contact your Salesforce administrator.] but found [Please check your username and password. If you still can't log in, contact your Salesforce administrator.]
at resourses.commonUtilities.handleAssertion(commonUtilities.java:19)
at testCases.verifyLoginTestCase.logIn(verifyLoginTestCase.java:29)
at java.base/java.util.ArrayList.forEach(ArrayList.java:1511)
... Removed 27 stack frames]]>
    </failure>
  </testcase> <!-- logIn -->
  <testcase classname="testCases.verifySignUpTestCase" name="SignUp" time="10.241"/>
</testsuite> <!-- Test -->
